Performing C SOURCE FILE Test HAVE_LLD_LINKER_SUPPORT failed with the following output:
Change Dir: /home/billy/Projects/grassroots/build-config/linux/temp/mongo-c-driver-1.20.0/cmake-build/CMakeFiles/CMakeTmp

Run Build Command(s):/usr/bin/make cmTC_81178/fast && /usr/bin/make -f CMakeFiles/cmTC_81178.dir/build.make CMakeFiles/cmTC_81178.dir/build
make[1]: Entering directory '/home/billy/Projects/grassroots/build-config/linux/temp/mongo-c-driver-1.20.0/cmake-build/CMakeFiles/CMakeTmp'
Building C object CMakeFiles/cmTC_81178.dir/src.c.o
/usr/bin/cc   -DHAVE_LLD_LINKER_SUPPORT -fuse-ld=lld   -o CMakeFiles/cmTC_81178.dir/src.c.o   -c /home/billy/Projects/grassroots/build-config/linux/temp/mongo-c-driver-1.20.0/cmake-build/CMakeFiles/CMakeTmp/src.c
Linking C executable cmTC_81178
/usr/bin/cmake -E cmake_link_script CMakeFiles/cmTC_81178.dir/link.txt --verbose=1
/usr/bin/cc  -DHAVE_LLD_LINKER_SUPPORT -fuse-ld=lld    -rdynamic -fuse-ld=lld CMakeFiles/cmTC_81178.dir/src.c.o  -o cmTC_81178 
collect2: fatal error: cannot find ‘ld’
compilation terminated.
make[1]: *** [CMakeFiles/cmTC_81178.dir/build.make:87: cmTC_81178] Error 1
make[1]: Leaving directory '/home/billy/Projects/grassroots/build-config/linux/temp/mongo-c-driver-1.20.0/cmake-build/CMakeFiles/CMakeTmp'
make: *** [Makefile:121: cmTC_81178/fast] Error 2


Source file was:
        #include <stdio.h>

        int main (void) {
            puts ("Hello, world!");
            return 0;
        }
    
Determining if the strlcpy exist failed with the following output:
Change Dir: /home/billy/Projects/grassroots/build-config/linux/temp/mongo-c-driver-1.20.0/cmake-build/CMakeFiles/CMakeTmp

Run Build Command(s):/usr/bin/make cmTC_18932/fast && /usr/bin/make -f CMakeFiles/cmTC_18932.dir/build.make CMakeFiles/cmTC_18932.dir/build
make[1]: Entering directory '/home/billy/Projects/grassroots/build-config/linux/temp/mongo-c-driver-1.20.0/cmake-build/CMakeFiles/CMakeTmp'
Building C object CMakeFiles/cmTC_18932.dir/CheckSymbolExists.c.o
/usr/bin/cc    -o CMakeFiles/cmTC_18932.dir/CheckSymbolExists.c.o   -c /home/billy/Projects/grassroots/build-config/linux/temp/mongo-c-driver-1.20.0/cmake-build/CMakeFiles/CMakeTmp/CheckSymbolExists.c
/home/billy/Projects/grassroots/build-config/linux/temp/mongo-c-driver-1.20.0/cmake-build/CMakeFiles/CMakeTmp/CheckSymbolExists.c: In function ‘main’:
/home/billy/Projects/grassroots/build-config/linux/temp/mongo-c-driver-1.20.0/cmake-build/CMakeFiles/CMakeTmp/CheckSymbolExists.c:8:19: error: ‘strlcpy’ undeclared (first use in this function); did you mean ‘strncpy’?
    8 |   return ((int*)(&strlcpy))[argc];
      |                   ^~~~~~~
      |                   strncpy
/home/billy/Projects/grassroots/build-config/linux/temp/mongo-c-driver-1.20.0/cmake-build/CMakeFiles/CMakeTmp/CheckSymbolExists.c:8:19: note: each undeclared identifier is reported only once for each function it appears in
make[1]: *** [CMakeFiles/cmTC_18932.dir/build.make:66: CMakeFiles/cmTC_18932.dir/CheckSymbolExists.c.o] Error 1
make[1]: Leaving directory '/home/billy/Projects/grassroots/build-config/linux/temp/mongo-c-driver-1.20.0/cmake-build/CMakeFiles/CMakeTmp'
make: *** [Makefile:121: cmTC_18932/fast] Error 2


File /home/billy/Projects/grassroots/build-config/linux/temp/mongo-c-driver-1.20.0/cmake-build/CMakeFiles/CMakeTmp/CheckSymbolExists.c:
/* */
#include <string.h>

int main(int argc, char** argv)
{
  (void)argv;
#ifndef strlcpy
  return ((int*)(&strlcpy))[argc];
#else
  (void)argc;
  return 0;
#endif
}
Performing C SOURCE FILE Test CMAKE_HAVE_LIBC_PTHREAD failed with the following output:
Change Dir: /home/billy/Projects/grassroots/build-config/linux/temp/mongo-c-driver-1.20.0/cmake-build/CMakeFiles/CMakeTmp

Run Build Command(s):/usr/bin/make cmTC_4ce13/fast && /usr/bin/make -f CMakeFiles/cmTC_4ce13.dir/build.make CMakeFiles/cmTC_4ce13.dir/build
make[1]: Entering directory '/home/billy/Projects/grassroots/build-config/linux/temp/mongo-c-driver-1.20.0/cmake-build/CMakeFiles/CMakeTmp'
Building C object CMakeFiles/cmTC_4ce13.dir/src.c.o
/usr/bin/cc   -DCMAKE_HAVE_LIBC_PTHREAD   -o CMakeFiles/cmTC_4ce13.dir/src.c.o   -c /home/billy/Projects/grassroots/build-config/linux/temp/mongo-c-driver-1.20.0/cmake-build/CMakeFiles/CMakeTmp/src.c
Linking C executable cmTC_4ce13
/usr/bin/cmake -E cmake_link_script CMakeFiles/cmTC_4ce13.dir/link.txt --verbose=1
/usr/bin/cc  -DCMAKE_HAVE_LIBC_PTHREAD    -rdynamic CMakeFiles/cmTC_4ce13.dir/src.c.o  -o cmTC_4ce13  /usr/lib/x86_64-linux-gnu/librt.so 
/usr/bin/ld: CMakeFiles/cmTC_4ce13.dir/src.c.o: in function `main':
src.c:(.text+0x46): undefined reference to `pthread_create'
/usr/bin/ld: src.c:(.text+0x52): undefined reference to `pthread_detach'
/usr/bin/ld: src.c:(.text+0x63): undefined reference to `pthread_join'
collect2: error: ld returned 1 exit status
make[1]: *** [CMakeFiles/cmTC_4ce13.dir/build.make:88: cmTC_4ce13] Error 1
make[1]: Leaving directory '/home/billy/Projects/grassroots/build-config/linux/temp/mongo-c-driver-1.20.0/cmake-build/CMakeFiles/CMakeTmp'
make: *** [Makefile:121: cmTC_4ce13/fast] Error 2


Source file was:
#include <pthread.h>

void* test_func(void* data)
{
  return data;
}

int main(void)
{
  pthread_t thread;
  pthread_create(&thread, NULL, test_func, NULL);
  pthread_detach(thread);
  pthread_join(thread, NULL);
  pthread_atfork(NULL, NULL, NULL);
  pthread_exit(NULL);

  return 0;
}

Determining if the res_ndestroy exist failed with the following output:
Change Dir: /home/billy/Projects/grassroots/build-config/linux/temp/mongo-c-driver-1.20.0/cmake-build/CMakeFiles/CMakeTmp

Run Build Command(s):/usr/bin/make cmTC_36121/fast && /usr/bin/make -f CMakeFiles/cmTC_36121.dir/build.make CMakeFiles/cmTC_36121.dir/build
make[1]: Entering directory '/home/billy/Projects/grassroots/build-config/linux/temp/mongo-c-driver-1.20.0/cmake-build/CMakeFiles/CMakeTmp'
Building C object CMakeFiles/cmTC_36121.dir/CheckSymbolExists.c.o
/usr/bin/cc    -o CMakeFiles/cmTC_36121.dir/CheckSymbolExists.c.o   -c /home/billy/Projects/grassroots/build-config/linux/temp/mongo-c-driver-1.20.0/cmake-build/CMakeFiles/CMakeTmp/CheckSymbolExists.c
/home/billy/Projects/grassroots/build-config/linux/temp/mongo-c-driver-1.20.0/cmake-build/CMakeFiles/CMakeTmp/CheckSymbolExists.c: In function ‘main’:
/home/billy/Projects/grassroots/build-config/linux/temp/mongo-c-driver-1.20.0/cmake-build/CMakeFiles/CMakeTmp/CheckSymbolExists.c:8:19: error: ‘res_ndestroy’ undeclared (first use in this function)
    8 |   return ((int*)(&res_ndestroy))[argc];
      |                   ^~~~~~~~~~~~
/home/billy/Projects/grassroots/build-config/linux/temp/mongo-c-driver-1.20.0/cmake-build/CMakeFiles/CMakeTmp/CheckSymbolExists.c:8:19: note: each undeclared identifier is reported only once for each function it appears in
make[1]: *** [CMakeFiles/cmTC_36121.dir/build.make:66: CMakeFiles/cmTC_36121.dir/CheckSymbolExists.c.o] Error 1
make[1]: Leaving directory '/home/billy/Projects/grassroots/build-config/linux/temp/mongo-c-driver-1.20.0/cmake-build/CMakeFiles/CMakeTmp'
make: *** [Makefile:121: cmTC_36121/fast] Error 2


File /home/billy/Projects/grassroots/build-config/linux/temp/mongo-c-driver-1.20.0/cmake-build/CMakeFiles/CMakeTmp/CheckSymbolExists.c:
/* */
#include <resolv.h>

int main(int argc, char** argv)
{
  (void)argv;
#ifndef res_ndestroy
  return ((int*)(&res_ndestroy))[argc];
#else
  (void)argc;
  return 0;
#endif
}
Determining if the sched_getcpu exist failed with the following output:
Change Dir: /home/billy/Projects/grassroots/build-config/linux/temp/mongo-c-driver-1.20.0/cmake-build/CMakeFiles/CMakeTmp

Run Build Command(s):/usr/bin/make cmTC_aab1e/fast && /usr/bin/make -f CMakeFiles/cmTC_aab1e.dir/build.make CMakeFiles/cmTC_aab1e.dir/build
make[1]: Entering directory '/home/billy/Projects/grassroots/build-config/linux/temp/mongo-c-driver-1.20.0/cmake-build/CMakeFiles/CMakeTmp'
Building C object CMakeFiles/cmTC_aab1e.dir/CheckSymbolExists.c.o
/usr/bin/cc    -o CMakeFiles/cmTC_aab1e.dir/CheckSymbolExists.c.o   -c /home/billy/Projects/grassroots/build-config/linux/temp/mongo-c-driver-1.20.0/cmake-build/CMakeFiles/CMakeTmp/CheckSymbolExists.c
/home/billy/Projects/grassroots/build-config/linux/temp/mongo-c-driver-1.20.0/cmake-build/CMakeFiles/CMakeTmp/CheckSymbolExists.c: In function ‘main’:
/home/billy/Projects/grassroots/build-config/linux/temp/mongo-c-driver-1.20.0/cmake-build/CMakeFiles/CMakeTmp/CheckSymbolExists.c:8:19: error: ‘sched_getcpu’ undeclared (first use in this function); did you mean ‘sched_getparam’?
    8 |   return ((int*)(&sched_getcpu))[argc];
      |                   ^~~~~~~~~~~~
      |                   sched_getparam
/home/billy/Projects/grassroots/build-config/linux/temp/mongo-c-driver-1.20.0/cmake-build/CMakeFiles/CMakeTmp/CheckSymbolExists.c:8:19: note: each undeclared identifier is reported only once for each function it appears in
make[1]: *** [CMakeFiles/cmTC_aab1e.dir/build.make:66: CMakeFiles/cmTC_aab1e.dir/CheckSymbolExists.c.o] Error 1
make[1]: Leaving directory '/home/billy/Projects/grassroots/build-config/linux/temp/mongo-c-driver-1.20.0/cmake-build/CMakeFiles/CMakeTmp'
make: *** [Makefile:121: cmTC_aab1e/fast] Error 2


File /home/billy/Projects/grassroots/build-config/linux/temp/mongo-c-driver-1.20.0/cmake-build/CMakeFiles/CMakeTmp/CheckSymbolExists.c:
/* */
#include <sched.h>

int main(int argc, char** argv)
{
  (void)argv;
#ifndef sched_getcpu
  return ((int*)(&sched_getcpu))[argc];
#else
  (void)argc;
  return 0;
#endif
}
